<?xml version="1.0" encoding="UTF-8"?>
<testsuite name="serializer.SerializerTest" tests="1" skipped="0" failures="0" errors="0" timestamp="2022-01-26T18:16:08" hostname="Vus-MacBook-Pro.local" time="0.087">
  <properties/>
  <testcase name="TestWriteAndReadBinaryFile()" classname="serializer.SerializerTest" time="0.087"/>
  <system-out><![CDATA[]]></system-out>
  <system-err><![CDATA[]]></system-err>
</testsuite>
